<?xml version="1.0" encoding="UTF-8"?>
<testsuite name="hello.HelloTest" tests="1" skipped="0" failures="0" errors="0" timestamp="2015-06-16T12:55:22" hostname="tc405-109-09.insa-lyon.fr" time="0.123">
  <properties/>
  <testcase name="check" classname="hello.HelloTest" time="0.123"/>
  <system-out><![CDATA[]]></system-out>
  <system-err><![CDATA[]]></system-err>
</testsuite>
